#-----------------------------------------------------------
# Vivado v2018.2 (64-bit)
# SW Build 2258646 on Thu Jun 14 20:03:12 MDT 2018
# IP Build 2256618 on Thu Jun 14 22:10:49 MDT 2018
# Start of session at: Tue May  7 08:40:43 2024
# Process ID: 828
# Current directory: C:/Users/Ahmed Atef/OneDrive/Desktop/Micro Final Project/MP
# Command line: vivado.exe -gui_launcher_event rodinguilauncherevent8916 C:\Users\Ahmed Atef\OneDrive\Desktop\Micro Final Project\MP\MP.xpr
# Log file: C:/Users/Ahmed Atef/OneDrive/Desktop/Micro Final Project/MP/vivado.log
# Journal file: C:/Users/Ahmed Atef/OneDrive/Desktop/Micro Final Project/MP\vivado.jou
#-----------------------------------------------------------
start_gui
open_project {C:/Users/Ahmed Atef/OneDrive/Desktop/Micro Final Project/MP/MP.xpr}
CRITICAL WARNING: [Project 1-19] Could not find the file 'C:/Users/Ahmed Atef/OneDrive/Desktop/Micro Final Project/MP/PR_tb_behav.wcfg'.
Scanning sources...
Finished scanning sources
INFO: [IP_Flow 19-234] Refreshing IP repositories
INFO: [IP_Flow 19-1704] No user IP repositories specified
INFO: [IP_Flow 19-2313] Loaded Vivado IP repository 'D:/xilinx/Vivado/2018.2/data/ip'.
open_project: Time (s): cpu = 00:00:17 ; elapsed = 00:00:09 . Memory (MB): peak = 864.039 ; gain = 120.055
update_compile_order -fileset sources_1
exit
INFO: [Common 17-206] Exiting Vivado at Tue May  7 08:54:17 2024...

